<?xml version="1.0" encoding="UTF-8"?>
<testsuite xmlns:xsi="http://www.w3.org/2001/XMLSchema-instance" xsi:noNamespaceSchemaLocation="https://maven.apache.org/surefire/maven-surefire-plugin/xsd/surefire-test-report.xsd" version="3.0.2" name="com.sabah.microservice.product_service.ProductServiceApplicationTests" time="13.396" tests="1" errors="0" skipped="0" failures="1">
  <properties>
[...]
</properties>
  <testcase name="shouldCreateProduct" classname="com.sabah.microservice.product_service.ProductServiceApplicationTests" time="1.901">
    <failure message="1 expectation failed.&#10;JSON path id doesn&apos;t match.&#10;Expected: not null&#10;  Actual: null&#10;" type="java.lang.AssertionError"><![CDATA[java.lang.AssertionError: 
1 expectation failed.
JSON path id doesn't match.
Expected: not null
  Actual: null

	at java.base/jdk.internal.reflect.DirectConstructorHandleAccessor.newInstance(DirectConstructorHandleAccessor.java:62)
	at java.base/java.lang.reflect.Constructor.newInstanceWithCaller(Constructor.java:502)
	at java.base/java.lang.reflect.Constructor.newInstance(Constructor.java:486)
	at org.codehaus.groovy.reflection.CachedConstructor.invoke(CachedConstructor.java:73)
	at org.codehaus.groovy.runtime.callsite.ConstructorSite$ConstructorSiteNoUnwrapNoCoerce.callConstructor(ConstructorSite.java:108)
	at org.codehaus.groovy.runtime.callsite.CallSiteArray.defaultCallConstructor(CallSiteArray.java:57)
	at org.codehaus.groovy.runtime.callsite.AbstractCallSite.callConstructor(AbstractCallSite.java:263)
	at org.codehaus.groovy.runtime.callsite.AbstractCallSite.callConstructor(AbstractCallSite.java:277)
	at io.restassured.internal.ResponseSpecificationImpl$HamcrestAssertionClosure.validate(ResponseSpecificationImpl.groovy:512)
	at io.restassured.internal.ResponseSpecificationImpl$HamcrestAssertionClosure$validate$1.call(Unknown Source)
	at io.restassured.internal.ResponseSpecificationImpl.validateResponseIfRequired(ResponseSpecificationImpl.groovy:696)
	at io.restassured.internal.ResponseSpecificationImpl.this$2$validateResponseIfRequired(ResponseSpecificationImpl.groovy)
	at java.base/jdk.internal.reflect.DirectMethodHandleAccessor.invoke(DirectMethodHandleAccessor.java:103)
	at java.base/java.lang.reflect.Method.invoke(Method.java:580)
	at org.codehaus.groovy.runtime.callsite.PlainObjectMetaMethodSite.doInvoke(PlainObjectMetaMethodSite.java:43)
	at org.codehaus.groovy.runtime.callsite.PogoMetaMethodSite$PogoCachedMethodSiteNoUnwrapNoCoerce.invoke(PogoMetaMethodSite.java:198)
	at org.codehaus.groovy.runtime.callsite.PogoMetaMethodSite.callCurrent(PogoMetaMethodSite.java:62)
	at org.codehaus.groovy.runtime.callsite.CallSiteArray.defaultCallCurrent(CallSiteArray.java:49)
	at org.codehaus.groovy.runtime.callsite.AbstractCallSite.callCurrent(AbstractCallSite.java:171)
	at org.codehaus.groovy.runtime.callsite.AbstractCallSite.callCurrent(AbstractCallSite.java:185)
	at io.restassured.internal.ResponseSpecificationImpl.body(ResponseSpecificationImpl.groovy:270)
	at io.restassured.specification.ResponseSpecification$body$1.callCurrent(Unknown Source)
	at org.codehaus.groovy.runtime.callsite.CallSiteArray.defaultCallCurrent(CallSiteArray.java:49)
	at org.codehaus.groovy.runtime.callsite.AbstractCallSite.callCurrent(AbstractCallSite.java:171)
	at org.codehaus.groovy.runtime.callsite.AbstractCallSite.callCurrent(AbstractCallSite.java:212)
	at io.restassured.internal.ResponseSpecificationImpl.body(ResponseSpecificationImpl.groovy:117)
	at io.restassured.internal.ValidatableResponseOptionsImpl.body(ValidatableResponseOptionsImpl.java:244)
	at com.sabah.microservice.product_service.ProductServiceApplicationTests.shouldCreateProduct(ProductServiceApplicationTests.java:59)
	at java.base/java.lang.reflect.Method.invoke(Method.java:580)
	at java.base/java.util.ArrayList.forEach(ArrayList.java:1596)
	at java.base/java.util.ArrayList.forEach(ArrayList.java:1596)
]]></failure>
    <system-out><![CDATA[00:04:49.000 [main] INFO org.springframework.test.context.support.AnnotationConfigContextLoaderUtils -- Could not detect default configuration classes for test class [com.sabah.microservice.product_service.ProductServiceApplicationTests]: ProductServiceApplicationTests does not declare any static, non-private, non-final, nested classes annotated with @Configuration.
00:04:49.071 [main] INFO org.testcontainers.images.PullPolicy -- Image pull policy will be performed by: DefaultPullPolicy()
00:04:49.074 [main] INFO org.testcontainers.utility.ImageNameSubstitutor -- Image name substitution will be performed by: DefaultImageNameSubstitutor (composite of 'ConfigurationFileImageNameSubstitutor' and 'PrefixingImageNameSubstitutor')
00:04:49.118 [main] INFO org.testcontainers.DockerClientFactory -- Testcontainers version: 1.20.5
00:04:49.256 [main] INFO org.testcontainers.dockerclient.DockerClientProviderStrategy -- Loaded org.testcontainers.dockerclient.NpipeSocketClientProviderStrategy from ~/.testcontainers.properties, will try it first
00:04:49.572 [main] INFO org.testcontainers.dockerclient.DockerClientProviderStrategy -- Found Docker environment with local Npipe socket (npipe:////./pipe/docker_engine)
00:04:49.572 [main] INFO org.testcontainers.DockerClientFactory -- Docker host IP address is localhost
00:04:49.605 [main] INFO org.testcontainers.DockerClientFactory -- Connected to docker: 
  Server Version: 27.5.1
  API Version: 1.47
  Operating System: Docker Desktop
  Total Memory: 7592 MB
  Labels: 
    com.docker.desktop.address=npipe://\\.\pipe\docker_cli
00:04:49.671 [main] INFO tc.testcontainers/ryuk:0.11.0 -- Creating container for image: testcontainers/ryuk:0.11.0
00:04:49.913 [main] INFO org.testcontainers.utility.RegistryAuthLocator -- Credential helper/store (docker-credential-desktop) does not have credentials for https://index.docker.io/v1/
00:04:50.159 [main] INFO tc.testcontainers/ryuk:0.11.0 -- Container testcontainers/ryuk:0.11.0 is starting: 8c42b50264640cac9644bf30a2e4179dee6b48726846303a4c08d7dbec545cce
00:04:51.124 [main] INFO tc.testcontainers/ryuk:0.11.0 -- Container testcontainers/ryuk:0.11.0 started in PT1.4530331S
00:04:51.135 [main] INFO org.testcontainers.utility.RyukResourceReaper -- Ryuk started - will monitor and terminate Testcontainers containers on JVM exit
00:04:51.135 [main] INFO org.testcontainers.DockerClientFactory -- Checking the system...
00:04:51.136 [main] INFO org.testcontainers.DockerClientFactory -- ✔︎ Docker server version should be at least 1.6.0
00:04:51.136 [main] INFO tc.mongo:7.0.5 -- Creating container for image: mongo:7.0.5
00:04:51.277 [main] INFO tc.mongo:7.0.5 -- Container mongo:7.0.5 is starting: 4f5282f9a0f59b3d4b5f07b34ff8a6f4cc6bc693d062ca41dcd9a7dcc58681d7
00:04:52.729 [main] INFO tc.mongo:7.0.5 -- Container mongo:7.0.5 started in PT1.5922637S
00:04:54.520 [main] INFO org.springframework.boot.test.context.SpringBootTestContextBootstrapper -- Found @SpringBootConfiguration com.sabah.microservice.product_service.ProductServiceApplication for test class com.sabah.microservice.product_service.ProductServiceApplicationTests

  .   ____          _            __ _ _
 /\\ / ___'_ __ _ _(_)_ __  __ _ \ \ \ \
( ( )\___ | '_ | '_| | '_ \/ _` | \ \ \ \
 \\/  ___)| |_)| | | | | || (_| |  ) ) ) )
  '  |____| .__|_| |_|_| |_\__, | / / / /
 =========|_|==============|___/=/_/_/_/

 :: Spring Boot ::                (v3.4.3)

2025-03-25T00:04:54.925+05:30  INFO 11716 --- [product-service] [           main] c.s.m.p.ProductServiceApplicationTests   : Starting ProductServiceApplicationTests using Java 21.0.6 with PID 11716 (started by muham in E:\Projects\Java\Projects\Spring boot microservice Project\product-service\product-service)
2025-03-25T00:04:54.927+05:30  INFO 11716 --- [product-service] [           main] c.s.m.p.ProductServiceApplicationTests   : No active profile set, falling back to 1 default profile: "default"
2025-03-25T00:04:55.717+05:30  INFO 11716 --- [product-service] [           main] .s.d.r.c.RepositoryConfigurationDelegate : Bootstrapping Spring Data MongoDB repositories in DEFAULT mode.
2025-03-25T00:04:55.765+05:30  INFO 11716 --- [product-service] [           main] .s.d.r.c.RepositoryConfigurationDelegate : Finished Spring Data repository scanning in 40 ms. Found 1 MongoDB repository interface.
2025-03-25T00:04:56.207+05:30  INFO 11716 --- [product-service] [           main] o.s.b.w.embedded.tomcat.TomcatWebServer  : Tomcat initialized with port 0 (http)
2025-03-25T00:04:56.223+05:30  INFO 11716 --- [product-service] [           main] o.apache.catalina.core.StandardService   : Starting service [Tomcat]
2025-03-25T00:04:56.223+05:30  INFO 11716 --- [product-service] [           main] o.apache.catalina.core.StandardEngine    : Starting Servlet engine: [Apache Tomcat/10.1.36]
2025-03-25T00:04:56.271+05:30  INFO 11716 --- [product-service] [           main] o.a.c.c.C.[Tomcat].[localhost].[/]       : Initializing Spring embedded WebApplicationContext
2025-03-25T00:04:56.271+05:30  INFO 11716 --- [product-service] [           main] w.s.c.ServletWebServerApplicationContext : Root WebApplicationContext: initialization completed in 1164 ms
2025-03-25T00:04:56.311+05:30  INFO 11716 --- [product-service] [           main] tc.mongo:latest                          : Creating container for image: mongo:latest
2025-03-25T00:04:56.416+05:30  INFO 11716 --- [product-service] [           main] tc.mongo:latest                          : Container mongo:latest is starting: a620db7df10d3ac83ad2edf15a325378371889ee9038e5b0ac7433f0f32ecd12
2025-03-25T00:04:57.943+05:30  INFO 11716 --- [product-service] [           main] tc.mongo:latest                          : Container mongo:latest started in PT1.6317742S
2025-03-25T00:04:59.356+05:30  INFO 11716 --- [product-service] [           main] org.mongodb.driver.client                : MongoClient with metadata {"driver": {"name": "mongo-java-driver|sync|spring-boot", "version": "5.2.1"}, "os": {"type": "Windows", "name": "Windows 11", "architecture": "amd64", "version": "10.0"}, "platform": "Java/Azul Systems, Inc./21.0.6+7-LTS"} created with settings MongoClientSettings{readPreference=primary, writeConcern=WriteConcern{w=null, wTimeout=null ms, journal=null}, retryWrites=true, retryReads=true, readConcern=ReadConcern{level=null}, credential=null, transportSettings=null, commandListeners=[], codecRegistry=ProvidersCodecRegistry{codecProviders=[ValueCodecProvider{}, BsonValueCodecProvider{}, DBRefCodecProvider{}, DBObjectCodecProvider{}, DocumentCodecProvider{}, CollectionCodecProvider{}, IterableCodecProvider{}, MapCodecProvider{}, GeoJsonCodecProvider{}, GridFSFileCodecProvider{}, Jsr310CodecProvider{}, JsonObjectCodecProvider{}, BsonCodecProvider{}, EnumCodecProvider{}, com.mongodb.client.model.mql.ExpressionCodecProvider@36a1fd20, com.mongodb.Jep395RecordCodecProvider@45f8415b, com.mongodb.KotlinCodecProvider@10dbf660]}, loggerSettings=LoggerSettings{maxDocumentLength=1000}, clusterSettings={hosts=[localhost:53319], srvServiceName=mongodb, mode=SINGLE, requiredClusterType=UNKNOWN, requiredReplicaSetName='null', serverSelector='null', clusterListeners='[]', serverSelectionTimeout='30000 ms', localThreshold='15 ms'}, socketSettings=SocketSettings{connectTimeoutMS=10000, readTimeoutMS=0, receiveBufferSize=0, proxySettings=ProxySettings{host=null, port=null, username=null, password=null}}, heartbeatSocketSettings=SocketSettings{connectTimeoutMS=10000, readTimeoutMS=10000, receiveBufferSize=0, proxySettings=ProxySettings{host=null, port=null, username=null, password=null}}, connectionPoolSettings=ConnectionPoolSettings{maxSize=100, minSize=0, maxWaitTimeMS=120000, maxConnectionLifeTimeMS=0, maxConnectionIdleTimeMS=0, maintenanceInitialDelayMS=0, maintenanceFrequencyMS=60000, connectionPoolListeners=[], maxConnecting=2}, serverSettings=ServerSettings{heartbeatFrequencyMS=10000, minHeartbeatFrequencyMS=500, serverMonitoringMode=AUTO, serverListeners='[]', serverMonitorListeners='[]'}, sslSettings=SslSettings{enabled=false, invalidHostNameAllowed=false, context=null}, applicationName='null', compressorList=[], uuidRepresentation=JAVA_LEGACY, serverApi=null, autoEncryptionSettings=null, dnsClient=null, inetAddressResolver=null, contextProvider=null, timeoutMS=null}
2025-03-25T00:04:59.371+05:30  INFO 11716 --- [product-service] [localhost:53319] org.mongodb.driver.cluster               : Monitor thread successfully connected to server with description ServerDescription{address=localhost:53319, type=REPLICA_SET_PRIMARY, cryptd=false, state=CONNECTED, ok=true, minWireVersion=0, maxWireVersion=21, maxDocumentSize=16777216, logicalSessionTimeoutMinutes=30, roundTripTimeNanos=22374400, minRoundTripTimeNanos=0, setName='docker-rs', canonicalAddress=4f5282f9a0f5:27017, hosts=[4f5282f9a0f5:27017], passives=[], arbiters=[], primary='4f5282f9a0f5:27017', tagSet=TagSet{[]}, electionId=7fffffff0000000000000001, setVersion=1, topologyVersion=TopologyVersion{processId=67e1a5cc3529d1d88f988095, counter=6}, lastWriteDate=Tue Mar 25 00:04:53 IST 2025, lastUpdateTimeNanos=803197782625800}
2025-03-25T00:04:59.738+05:30  INFO 11716 --- [product-service] [           main] o.s.v.b.OptionalValidatorFactoryBean     : Failed to set up a Bean Validation provider: jakarta.validation.NoProviderFoundException: Unable to create a Configuration, because no Jakarta Bean Validation provider could be found. Add a provider like Hibernate Validator (RI) to your classpath.
2025-03-25T00:05:00.316+05:30  INFO 11716 --- [product-service] [           main] o.s.b.w.embedded.tomcat.TomcatWebServer  : Tomcat started on port 53323 (http) with context path '/'
2025-03-25T00:05:00.316+05:30  INFO 11716 --- [product-service] [           main] c.s.m.p.ProductServiceApplicationTests   : Started ProductServiceApplicationTests in 5.672 seconds (process running for 11.973)
2025-03-25T00:05:01.542+05:30  INFO 11716 --- [product-service] [o-auto-1-exec-1] o.a.c.c.C.[Tomcat].[localhost].[/]       : Initializing Spring DispatcherServlet 'dispatcherServlet'
2025-03-25T00:05:01.542+05:30  INFO 11716 --- [product-service] [o-auto-1-exec-1] o.s.web.servlet.DispatcherServlet        : Initializing Servlet 'dispatcherServlet'
2025-03-25T00:05:01.542+05:30  INFO 11716 --- [product-service] [o-auto-1-exec-1] o.s.web.servlet.DispatcherServlet        : Completed initialization in 0 ms
2025-03-25T00:05:01.720+05:30  INFO 11716 --- [product-service] [o-auto-1-exec-1] c.s.m.p.service.ProductService           : Product was created successfully
]]></system-out>
    <system-err><![CDATA[Mockito is currently self-attaching to enable the inline-mock-maker. This will no longer work in future releases of the JDK. Please add Mockito as an agent to your build what is described in Mockito's documentation: https://javadoc.io/doc/org.mockito/mockito-core/latest/org/mockito/Mockito.html#0.3
WARNING: A Java agent has been loaded dynamically (C:\Users\muham\.m2\repository\net\bytebuddy\byte-buddy-agent\1.15.11\byte-buddy-agent-1.15.11.jar)
WARNING: If a serviceability tool is in use, please run with -XX:+EnableDynamicAgentLoading to hide this warning
WARNING: If a serviceability tool is not in use, please run with -Djdk.instrument.traceUsage for more information
WARNING: Dynamic loading of agents will be disallowed by default in a future release
]]></system-err>
  </testcase>
</testsuite>